[02-11-2024 14:01:09.173 INFO com.nopcommerce.account.Level_16_Log] - Register - Step 01: Verify Register link is displayed
[02-11-2024 14:01:09.260 INFO com.nopcommerce.account.Level_16_Log] - ------------------------PASSED--------------------
[02-11-2024 14:01:09.262 INFO com.nopcommerce.account.Level_16_Log] - Register - Step 02: Click to Register link
[02-11-2024 14:01:09.625 INFO com.nopcommerce.account.Level_16_Log] - Register - Step 03: Click to Register button
[02-11-2024 14:01:09.980 INFO com.nopcommerce.account.Level_16_Log] - Register - Step 04: Verify error message at FirstName textbox is 'First name is required.'
[02-11-2024 14:01:10.021 INFO com.nopcommerce.account.Level_16_Log] - ------------------------PASSED--------------------
[02-11-2024 14:01:10.021 INFO com.nopcommerce.account.Level_16_Log] - Register - Step 05: Verify error message at LastName textbox is 'Last name is required'
[02-11-2024 14:01:10.052 INFO com.nopcommerce.account.Level_16_Log] - ------------------------PASSED--------------------
[02-11-2024 14:01:10.053 INFO com.nopcommerce.account.Level_16_Log] - Register - Step 06: Enter to First Name textbox with value is John
[02-11-2024 14:01:10.116 INFO com.nopcommerce.account.Level_16_Log] - Register - Step 07: Enter to Last Name textbox with value is Kennedy
[02-11-2024 14:01:10.232 INFO com.nopcommerce.account.Level_16_Log] - Register - Step 08: Enter to Email Address textbox with value is john64114@kennedy.us
[02-11-2024 14:01:10.341 INFO com.nopcommerce.account.Level_16_Log] - Register - Step 09: Enter to Password textbox with value is 123456
[02-11-2024 14:01:10.419 INFO com.nopcommerce.account.Level_16_Log] - Register - Step 10: Enter to Confirm Password textbox with value is 123456
[02-11-2024 14:01:10.535 INFO com.nopcommerce.account.Level_16_Log] - Register - Step 11: Click to Register button
[02-11-2024 14:01:11.130 INFO com.nopcommerce.account.Level_16_Log] - Register - Step 12: Verify success message is displayed
[02-11-2024 14:01:11.189 INFO com.nopcommerce.account.Level_16_Log] - ------------------------PASSED--------------------
[02-11-2024 14:01:16.494 INFO com.nopcommerce.account.Level_16_Log] - Register - Step 01: Verify Register link is displayed
[02-11-2024 14:01:16.575 INFO com.nopcommerce.account.Level_16_Log] - ------------------------PASSED--------------------
[02-11-2024 14:01:16.576 INFO com.nopcommerce.account.Level_16_Log] - Register - Step 02: Click to Register link
[02-11-2024 14:01:16.929 INFO com.nopcommerce.account.Level_16_Log] - Register - Step 03: Click to Register button
[02-11-2024 14:01:17.105 INFO com.nopcommerce.account.Level_16_Log] - Register - Step 04: Verify error message at FirstName textbox is 'First name is required.'
[02-11-2024 14:01:17.202 INFO com.nopcommerce.account.Level_16_Log] - ------------------------PASSED--------------------
[02-11-2024 14:01:17.203 INFO com.nopcommerce.account.Level_16_Log] - Register - Step 05: Verify error message at LastName textbox is 'Last name is required'
[02-11-2024 14:01:17.289 INFO com.nopcommerce.account.Level_16_Log] - ------------------------PASSED--------------------
[02-11-2024 14:01:17.290 INFO com.nopcommerce.account.Level_16_Log] - Register - Step 06: Enter to First Name textbox with value is John
[02-11-2024 14:01:17.548 INFO com.nopcommerce.account.Level_16_Log] - Register - Step 07: Enter to Last Name textbox with value is Kennedy
[02-11-2024 14:01:17.882 INFO com.nopcommerce.account.Level_16_Log] - Register - Step 08: Enter to Email Address textbox with value is john76515@kennedy.us
[02-11-2024 14:01:18.274 INFO com.nopcommerce.account.Level_16_Log] - Register - Step 09: Enter to Password textbox with value is 123456
[02-11-2024 14:01:18.557 INFO com.nopcommerce.account.Level_16_Log] - Register - Step 10: Enter to Confirm Password textbox with value is 123456
[02-11-2024 14:01:18.730 INFO com.nopcommerce.account.Level_16_Log] - Register - Step 11: Click to Register button
[02-11-2024 14:01:19.122 INFO com.nopcommerce.account.Level_16_Log] - Register - Step 12: Verify success message is displayed
[02-11-2024 14:01:19.289 INFO com.nopcommerce.account.Level_16_Log] - ------------------------PASSED--------------------
[02-11-2024 14:01:23.693 INFO com.nopcommerce.account.Level_16_Log] - Register - Step 01: Verify Register link is displayed
[02-11-2024 14:01:23.785 INFO com.nopcommerce.account.Level_16_Log] - ------------------------PASSED--------------------
[02-11-2024 14:01:23.785 INFO com.nopcommerce.account.Level_16_Log] - Register - Step 02: Click to Register link
[02-11-2024 14:01:24.306 INFO com.nopcommerce.account.Level_16_Log] - Register - Step 03: Click to Register button
[02-11-2024 14:01:24.411 INFO com.nopcommerce.account.Level_16_Log] - Register - Step 04: Verify error message at FirstName textbox is 'First name is required.'
[02-11-2024 14:01:24.460 INFO com.nopcommerce.account.Level_16_Log] - ------------------------PASSED--------------------
[02-11-2024 14:01:24.460 INFO com.nopcommerce.account.Level_16_Log] - Register - Step 05: Verify error message at LastName textbox is 'Last name is required'
[02-11-2024 14:01:24.495 INFO com.nopcommerce.account.Level_16_Log] - ------------------------PASSED--------------------
[02-11-2024 14:01:24.495 INFO com.nopcommerce.account.Level_16_Log] - Register - Step 06: Enter to First Name textbox with value is John
[02-11-2024 14:01:24.709 INFO com.nopcommerce.account.Level_16_Log] - Register - Step 07: Enter to Last Name textbox with value is Kennedy
[02-11-2024 14:01:24.902 INFO com.nopcommerce.account.Level_16_Log] - Register - Step 08: Enter to Email Address textbox with value is john40325@kennedy.us
[02-11-2024 14:01:25.213 INFO com.nopcommerce.account.Level_16_Log] - Register - Step 09: Enter to Password textbox with value is 123456
[02-11-2024 14:01:25.388 INFO com.nopcommerce.account.Level_16_Log] - Register - Step 10: Enter to Confirm Password textbox with value is 123456
[02-11-2024 14:01:25.548 INFO com.nopcommerce.account.Level_16_Log] - Register - Step 11: Click to Register button
[02-11-2024 14:01:26.046 INFO com.nopcommerce.account.Level_16_Log] - Register - Step 12: Verify success message is displayed
[02-11-2024 14:01:26.159 INFO com.nopcommerce.account.Level_16_Log] - ------------------------PASSED--------------------
