[02-11-2024 14:10:10.007 INFO com.nopcommerce.account.Level_16_Log] - Register - Step 01: Verify Register link is displayed
[02-11-2024 14:10:10.116 INFO com.nopcommerce.account.Level_16_Log] - ------------------------PASSED--------------------
[02-11-2024 14:10:10.122 INFO com.nopcommerce.account.Level_16_Log] - Register - Step 02: Click to Register link
[02-11-2024 14:10:10.538 INFO com.nopcommerce.account.Level_16_Log] - Register - Step 03: Click to Register button
[02-11-2024 14:10:10.908 INFO com.nopcommerce.account.Level_16_Log] - Register - Step 04: Verify error message at FirstName textbox is 'First name is required.'
[02-11-2024 14:10:10.984 INFO com.nopcommerce.account.Level_16_Log] - ------------------------PASSED--------------------
[02-11-2024 14:10:10.986 INFO com.nopcommerce.account.Level_16_Log] - Register - Step 05: Verify error message at LastName textbox is 'Last name is required'
[02-11-2024 14:10:11.056 INFO com.nopcommerce.account.Level_16_Log] - ------------------------PASSED--------------------
[02-11-2024 14:10:11.058 INFO com.nopcommerce.account.Level_16_Log] - Register - Step 06: Enter to First Name textbox with value is John
[02-11-2024 14:10:11.170 INFO com.nopcommerce.account.Level_16_Log] - Register - Step 07: Enter to Last Name textbox with value is Kennedy
[02-11-2024 14:10:11.283 INFO com.nopcommerce.account.Level_16_Log] - Register - Step 08: Enter to Email Address textbox with value is john30198@kennedy.us
[02-11-2024 14:10:11.445 INFO com.nopcommerce.account.Level_16_Log] - Register - Step 09: Enter to Password textbox with value is 123456
[02-11-2024 14:10:11.549 INFO com.nopcommerce.account.Level_16_Log] - Register - Step 10: Enter to Confirm Password textbox with value is 123456
[02-11-2024 14:10:11.664 INFO com.nopcommerce.account.Level_16_Log] - Register - Step 11: Click to Register button
[02-11-2024 14:10:12.376 INFO com.nopcommerce.account.Level_16_Log] - Register - Step 12: Verify success message is displayed
[02-11-2024 14:10:12.436 INFO com.nopcommerce.account.Level_16_Log] - ------------------------PASSED--------------------
[02-11-2024 14:10:15.891 INFO com.nopcommerce.account.Level_16_Log] - Register - Step 01: Verify Register link is displayed
[02-11-2024 14:10:15.995 INFO com.nopcommerce.account.Level_16_Log] - ------------------------PASSED--------------------
[02-11-2024 14:10:15.996 INFO com.nopcommerce.account.Level_16_Log] - Register - Step 02: Click to Register link
[02-11-2024 14:10:16.386 INFO com.nopcommerce.account.Level_16_Log] - Register - Step 03: Click to Register button
[02-11-2024 14:10:16.588 INFO com.nopcommerce.account.Level_16_Log] - Register - Step 04: Verify error message at FirstName textbox is 'First name is required.'
[02-11-2024 14:10:16.681 INFO com.nopcommerce.account.Level_16_Log] - ------------------------PASSED--------------------
[02-11-2024 14:10:16.682 INFO com.nopcommerce.account.Level_16_Log] - Register - Step 05: Verify error message at LastName textbox is 'Last name is required'
[02-11-2024 14:10:16.746 INFO com.nopcommerce.account.Level_16_Log] - ------------------------PASSED--------------------
[02-11-2024 14:10:16.747 INFO com.nopcommerce.account.Level_16_Log] - Register - Step 06: Enter to First Name textbox with value is John
[02-11-2024 14:10:16.974 INFO com.nopcommerce.account.Level_16_Log] - Register - Step 07: Enter to Last Name textbox with value is Kennedy
[02-11-2024 14:10:17.235 INFO com.nopcommerce.account.Level_16_Log] - Register - Step 08: Enter to Email Address textbox with value is john56227@kennedy.us
[02-11-2024 14:10:17.490 INFO com.nopcommerce.account.Level_16_Log] - Register - Step 09: Enter to Password textbox with value is 123456
[02-11-2024 14:10:17.694 INFO com.nopcommerce.account.Level_16_Log] - Register - Step 10: Enter to Confirm Password textbox with value is 123456
[02-11-2024 14:10:17.931 INFO com.nopcommerce.account.Level_16_Log] - Register - Step 11: Click to Register button
[02-11-2024 14:10:18.300 INFO com.nopcommerce.account.Level_16_Log] - Register - Step 12: Verify success message is displayed
[02-11-2024 14:10:18.454 INFO com.nopcommerce.account.Level_16_Log] - ------------------------PASSED--------------------
[02-11-2024 14:10:20.835 INFO com.nopcommerce.account.Level_16_Log] - Register - Step 01: Verify Register link is displayed
[02-11-2024 14:10:20.892 INFO com.nopcommerce.account.Level_16_Log] - ------------------------PASSED--------------------
[02-11-2024 14:10:20.892 INFO com.nopcommerce.account.Level_16_Log] - Register - Step 02: Click to Register link
[02-11-2024 14:10:21.132 INFO com.nopcommerce.account.Level_16_Log] - Register - Step 03: Click to Register button
[02-11-2024 14:10:21.234 INFO com.nopcommerce.account.Level_16_Log] - Register - Step 04: Verify error message at FirstName textbox is 'First name is required.'
[02-11-2024 14:10:21.283 INFO com.nopcommerce.account.Level_16_Log] - ------------------------PASSED--------------------
[02-11-2024 14:10:21.283 INFO com.nopcommerce.account.Level_16_Log] - Register - Step 05: Verify error message at LastName textbox is 'Last name is required'
[02-11-2024 14:10:21.314 INFO com.nopcommerce.account.Level_16_Log] - ------------------------PASSED--------------------
[02-11-2024 14:10:21.314 INFO com.nopcommerce.account.Level_16_Log] - Register - Step 06: Enter to First Name textbox with value is John
[02-11-2024 14:10:21.490 INFO com.nopcommerce.account.Level_16_Log] - Register - Step 07: Enter to Last Name textbox with value is Kennedy
[02-11-2024 14:10:21.797 INFO com.nopcommerce.account.Level_16_Log] - Register - Step 08: Enter to Email Address textbox with value is john86809@kennedy.us
[02-11-2024 14:10:22.078 INFO com.nopcommerce.account.Level_16_Log] - Register - Step 09: Enter to Password textbox with value is 123456
[02-11-2024 14:10:22.284 INFO com.nopcommerce.account.Level_16_Log] - Register - Step 10: Enter to Confirm Password textbox with value is 123456
[02-11-2024 14:10:22.526 INFO com.nopcommerce.account.Level_16_Log] - Register - Step 11: Click to Register button
[02-11-2024 14:10:22.936 INFO com.nopcommerce.account.Level_16_Log] - Register - Step 12: Verify success message is displayed
[02-11-2024 14:10:23.073 INFO com.nopcommerce.account.Level_16_Log] - ------------------------PASSED--------------------
