[02-11-2024 14:11:31.749 INFO com.nopcommerce.account.Level_16_Log] - Register - Step 01: Verify Register link is displayed
[02-11-2024 14:11:31.858 INFO com.nopcommerce.account.Level_16_Log] - ------------------------PASSED--------------------
[02-11-2024 14:11:31.860 INFO com.nopcommerce.account.Level_16_Log] - Register - Step 02: Click to Register link
[02-11-2024 14:11:32.286 INFO com.nopcommerce.account.Level_16_Log] - Register - Step 03: Click to Register button
[02-11-2024 14:11:32.614 INFO com.nopcommerce.account.Level_16_Log] - Register - Step 04: Verify error message at FirstName textbox is 'First name is required.'
[02-11-2024 14:11:32.697 INFO com.nopcommerce.account.Level_16_Log] - ------------------------PASSED--------------------
[02-11-2024 14:11:32.699 INFO com.nopcommerce.account.Level_16_Log] - Register - Step 05: Verify error message at LastName textbox is 'Last name is required'
[02-11-2024 14:11:32.741 INFO com.nopcommerce.account.Level_16_Log] - ------------------------PASSED--------------------
[02-11-2024 14:11:32.742 INFO com.nopcommerce.account.Level_16_Log] - Register - Step 06: Enter to First Name textbox with value is John
[02-11-2024 14:11:32.820 INFO com.nopcommerce.account.Level_16_Log] - Register - Step 07: Enter to Last Name textbox with value is Kennedy
[02-11-2024 14:11:32.888 INFO com.nopcommerce.account.Level_16_Log] - Register - Step 08: Enter to Email Address textbox with value is john74981@kennedy.us
[02-11-2024 14:11:32.972 INFO com.nopcommerce.account.Level_16_Log] - Register - Step 09: Enter to Password textbox with value is 123456
[02-11-2024 14:11:33.024 INFO com.nopcommerce.account.Level_16_Log] - Register - Step 10: Enter to Confirm Password textbox with value is 123456
[02-11-2024 14:11:33.107 INFO com.nopcommerce.account.Level_16_Log] - Register - Step 11: Click to Register button
[02-11-2024 14:11:33.791 INFO com.nopcommerce.account.Level_16_Log] - Register - Step 12: Verify success message is displayed
[02-11-2024 14:11:33.857 INFO com.nopcommerce.account.Level_16_Log] - ------------------------PASSED--------------------
[02-11-2024 14:11:37.639 INFO com.nopcommerce.account.Level_16_Log] - Register - Step 01: Verify Register link is displayed
[02-11-2024 14:11:37.743 INFO com.nopcommerce.account.Level_16_Log] - ------------------------PASSED--------------------
[02-11-2024 14:11:37.745 INFO com.nopcommerce.account.Level_16_Log] - Register - Step 02: Click to Register link
[02-11-2024 14:11:38.124 INFO com.nopcommerce.account.Level_16_Log] - Register - Step 03: Click to Register button
[02-11-2024 14:11:38.332 INFO com.nopcommerce.account.Level_16_Log] - Register - Step 04: Verify error message at FirstName textbox is 'First name is required.'
[02-11-2024 14:11:38.402 INFO com.nopcommerce.account.Level_16_Log] - ------------------------PASSED--------------------
[02-11-2024 14:11:38.405 INFO com.nopcommerce.account.Level_16_Log] - Register - Step 05: Verify error message at LastName textbox is 'Last name is required'
[02-11-2024 14:11:38.466 INFO com.nopcommerce.account.Level_16_Log] - ------------------------PASSED--------------------
[02-11-2024 14:11:38.467 INFO com.nopcommerce.account.Level_16_Log] - Register - Step 06: Enter to First Name textbox with value is John
[02-11-2024 14:11:38.626 INFO com.nopcommerce.account.Level_16_Log] - Register - Step 07: Enter to Last Name textbox with value is Kennedy
[02-11-2024 14:11:38.856 INFO com.nopcommerce.account.Level_16_Log] - Register - Step 08: Enter to Email Address textbox with value is john62861@kennedy.us
[02-11-2024 14:11:39.110 INFO com.nopcommerce.account.Level_16_Log] - Register - Step 09: Enter to Password textbox with value is 123456
[02-11-2024 14:11:39.363 INFO com.nopcommerce.account.Level_16_Log] - Register - Step 10: Enter to Confirm Password textbox with value is 123456
[02-11-2024 14:11:39.631 INFO com.nopcommerce.account.Level_16_Log] - Register - Step 11: Click to Register button
[02-11-2024 14:11:40.255 INFO com.nopcommerce.account.Level_16_Log] - Register - Step 12: Verify success message is displayed
[02-11-2024 14:11:40.415 INFO com.nopcommerce.account.Level_16_Log] - ------------------------PASSED--------------------
[02-11-2024 14:11:42.808 INFO com.nopcommerce.account.Level_16_Log] - Register - Step 01: Verify Register link is displayed
[02-11-2024 14:11:42.869 INFO com.nopcommerce.account.Level_16_Log] - ------------------------PASSED--------------------
[02-11-2024 14:11:42.869 INFO com.nopcommerce.account.Level_16_Log] - Register - Step 02: Click to Register link
[02-11-2024 14:11:43.314 INFO com.nopcommerce.account.Level_16_Log] - Register - Step 03: Click to Register button
[02-11-2024 14:11:43.442 INFO com.nopcommerce.account.Level_16_Log] - Register - Step 04: Verify error message at FirstName textbox is 'First name is required.'
[02-11-2024 14:11:43.513 INFO com.nopcommerce.account.Level_16_Log] - ------------------------PASSED--------------------
[02-11-2024 14:11:43.513 INFO com.nopcommerce.account.Level_16_Log] - Register - Step 05: Verify error message at LastName textbox is 'Last name is required'
[02-11-2024 14:11:43.553 INFO com.nopcommerce.account.Level_16_Log] - ------------------------PASSED--------------------
[02-11-2024 14:11:43.553 INFO com.nopcommerce.account.Level_16_Log] - Register - Step 06: Enter to First Name textbox with value is John
[02-11-2024 14:11:43.709 INFO com.nopcommerce.account.Level_16_Log] - Register - Step 07: Enter to Last Name textbox with value is Kennedy
[02-11-2024 14:11:43.865 INFO com.nopcommerce.account.Level_16_Log] - Register - Step 08: Enter to Email Address textbox with value is john865@kennedy.us
[02-11-2024 14:11:44.042 INFO com.nopcommerce.account.Level_16_Log] - Register - Step 09: Enter to Password textbox with value is 123456
[02-11-2024 14:11:44.193 INFO com.nopcommerce.account.Level_16_Log] - Register - Step 10: Enter to Confirm Password textbox with value is 123456
[02-11-2024 14:11:44.345 INFO com.nopcommerce.account.Level_16_Log] - Register - Step 11: Click to Register button
[02-11-2024 14:11:44.887 INFO com.nopcommerce.account.Level_16_Log] - Register - Step 12: Verify success message is displayed
[02-11-2024 14:11:44.973 INFO com.nopcommerce.account.Level_16_Log] - ------------------------PASSED--------------------
